[2023-12-10 15:42:29,750][__main__][INFO] - For logs, checkpoints and samples check /Volumes/Castile/HackerProj/denoiser
[2023-12-10 15:42:32,259][__main__][ERROR] - Some error happened
Traceback (most recent call last):
  File "/Volumes/Castile/HackerProj/denoiser/train.py", line 121, in main
    _main(args)
  File "/Volumes/Castile/HackerProj/denoiser/train.py", line 114, in _main
    run(args)
  File "/Volumes/Castile/HackerProj/denoiser/train.py", line 41, in run
    model = ConvTasNet(sources={'clean': clean_files, 'noisy': noise_files}, N=128, L=20, B=128, H=512, P=3, X=8, R=4,audio_channels=2, norm_type="gLN", causal=False, mask_nonlinear='relu', sample_rate=16000, segment_length=44100 * 2 * 4, frame_length=400, frame_step=100) # 创建Demucs模型实例，并使用args参数初始化模型
            ^^^^^^^^^^^^^^^^^^^^^^^^^^^^^^^^^^^^^^^^^^^^^^^^^^^^^^^^^^^^^^^^^^^^^^^^^^^^^^^^^^^^^^^^^^^^^^^^^^^^^^^^^^^^^^^^^^^^^^^^^^^^^^^^^^^^^^^^^^^^^^^^^^^^^^^^^^^^^^^^^^^^^^^^^^^^^^^^^^^^^^^^^^^^^^^^^^^^^^^^^^^^^^^^^^^^^^^^^^^^^^^^^^^^^^^^^^^^^^^^^^^^^^^^^^^^^^^^^^^^
  File "/Volumes/Castile/HackerProj/denoiser/denoiser/ConvTasnet1.py", line 54, in __init__
    self.separator = TemporalConvNet(N, B, H, P, X, R)
                     ^^^^^^^^^^^^^^^^^^^^^^^^^^^^^^^^^
  File "/Volumes/Castile/HackerProj/denoiser/denoiser/ConvTasnet1.py", line 86, in __init__
    layers += [TemporalBlock(N, H, P, kernel_size, dilation)]
               ^^^^^^^^^^^^^^^^^^^^^^^^^^^^^^^^^^^^^^^^^^^^^
  File "/Volumes/Castile/HackerProj/denoiser/denoiser/ConvTasnet1.py", line 116, in __init__
    self.layer_norm = nn.LayerNorm([out_channels, Tensor[1], Tensor[2]])  # 注意这里需要更正为正确的张量维度
                                                  ~~~~~~^^^
TypeError: type 'Tensor' is not subscriptable
