[[36m2024-11-25 21:53:46,106[0m][[34m__main__[0m][[32mINFO[0m] - For logs, checkpoints and samples check /Users/evelyneli/Desktop/denoiser[0m
[[36m2024-11-25 21:53:47,268[0m][[34mdenoiser.data[0m][[32mINFO[0m] - Matched 378 files.[0m
[[36m2024-11-25 21:53:47,281[0m][[34mdenoiser.data[0m][[32mINFO[0m] - Matched 378 files.[0m
[[36m2024-11-25 21:53:47,287[0m][[34mdenoiser.data[0m][[32mINFO[0m] - Matched 378 files.[0m
[[36m2024-11-25 21:53:47,294[0m][[34mdenoiser.data[0m][[32mINFO[0m] - Matched 378 files.[0m
[[36m2024-11-25 21:53:47,859[0m][[34mdenoiser.solver[0m][[32mINFO[0m] - ----------------------------------------------------------------------[0m
[[36m2024-11-25 21:53:47,859[0m][[34mdenoiser.solver[0m][[32mINFO[0m] - Training...[0m
[[36m2024-11-25 21:56:07,658[0m][[34mdenoiser.solver[0m][[32mINFO[0m] - Train | Epoch 1 | 5/26 | 23.3 sec/it | Loss 5.02022[0m
[[36m2024-11-25 21:58:24,765[0m][[34mdenoiser.solver[0m][[32mINFO[0m] - Train | Epoch 1 | 10/26 | 25.2 sec/it | Loss 4.44317[0m
[[36m2024-11-25 22:00:41,949[0m][[34mdenoiser.solver[0m][[32mINFO[0m] - Train | Epoch 1 | 15/26 | 25.9 sec/it | Loss 4.02589[0m
[[36m2024-11-25 22:02:58,452[0m][[34mdenoiser.solver[0m][[32mINFO[0m] - Train | Epoch 1 | 20/26 | 26.2 sec/it | Loss 3.71209[0m
[[36m2024-11-25 22:05:14,751[0m][[34mdenoiser.solver[0m][[32mINFO[0m] - Train | Epoch 1 | 25/26 | 26.4 sec/it | Loss 3.46355[0m
[[36m2024-11-25 22:05:45,485[0m][[34mdenoiser.solver[0m][[32mINFO[0m] - [1mTrain Summary | End of Epoch 1 | Time 717.63s | Train Loss 3.41979[0m
[[36m2024-11-25 22:05:45,487[0m][[34mdenoiser.solver[0m][[32mINFO[0m] - ----------------------------------------------------------------------[0m
[[36m2024-11-25 22:05:45,488[0m][[34mdenoiser.solver[0m][[32mINFO[0m] - Cross validation...[0m
[[36m2024-11-25 22:05:52,793[0m][[34mdenoiser.solver[0m][[32mINFO[0m] - Valid | Epoch 1 | 75/378 | 10.5 it/sec | Loss 0.31226[0m
[[36m2024-11-25 22:05:57,673[0m][[34mdenoiser.solver[0m][[32mINFO[0m] - Valid | Epoch 1 | 150/378 | 12.4 it/sec | Loss 0.31398[0m
[[36m2024-11-25 22:06:03,689[0m][[34mdenoiser.solver[0m][[32mINFO[0m] - Valid | Epoch 1 | 225/378 | 12.5 it/sec | Loss 0.31529[0m
[[36m2024-11-25 22:06:09,699[0m][[34mdenoiser.solver[0m][[32mINFO[0m] - Valid | Epoch 1 | 300/378 | 12.5 it/sec | Loss 0.31569[0m
[[36m2024-11-25 22:06:18,730[0m][[34mdenoiser.solver[0m][[32mINFO[0m] - Valid | Epoch 1 | 375/378 | 11.3 it/sec | Loss 0.32112[0m
[[36m2024-11-25 22:06:43,990[0m][[34mdenoiser.solver[0m][[32mINFO[0m] - [1mValid Summary | End of Epoch 1 | Time 776.13s | Valid Loss 0.32113[0m
[[36m2024-11-25 22:06:43,992[0m][[34mdenoiser.solver[0m][[32mINFO[0m] - [1mNew best valid loss 0.3211[0m
[[36m2024-11-25 22:06:44,001[0m][[34mdenoiser.solver[0m][[32mINFO[0m] - ----------------------------------------------------------------------[0m
[[36m2024-11-25 22:06:44,002[0m][[34mdenoiser.solver[0m][[32mINFO[0m] - [1mOverall Summary | Epoch 1 | Train 3.41979 | Valid 0.32113 | Best 0.32113[0m
[[36m2024-11-25 22:06:44,059[0m][[34mdenoiser.solver[0m][[32mINFO[0m] - ----------------------------------------------------------------------[0m
[[36m2024-11-25 22:06:44,059[0m][[34mdenoiser.solver[0m][[32mINFO[0m] - Training...[0m
[[36m2024-11-25 22:09:02,852[0m][[34mdenoiser.solver[0m][[32mINFO[0m] - Train | Epoch 2 | 5/26 | 23.1 sec/it | Loss 2.19968[0m
[[36m2024-11-25 22:11:19,334[0m][[34mdenoiser.solver[0m][[32mINFO[0m] - Train | Epoch 2 | 10/26 | 25.0 sec/it | Loss 2.11727[0m
[[36m2024-11-25 22:13:36,153[0m][[34mdenoiser.solver[0m][[32mINFO[0m] - Train | Epoch 2 | 15/26 | 25.8 sec/it | Loss 2.04193[0m
[[36m2024-11-25 22:15:51,436[0m][[34mdenoiser.solver[0m][[32mINFO[0m] - Train | Epoch 2 | 20/26 | 26.1 sec/it | Loss 1.97335[0m
[[36m2024-11-25 22:18:09,299[0m][[34mdenoiser.solver[0m][[32mINFO[0m] - Train | Epoch 2 | 25/26 | 26.4 sec/it | Loss 1.91109[0m
[[36m2024-11-25 22:18:40,344[0m][[34mdenoiser.solver[0m][[32mINFO[0m] - [1mTrain Summary | End of Epoch 2 | Time 716.29s | Train Loss 1.89926[0m
[[36m2024-11-25 22:18:40,346[0m][[34mdenoiser.solver[0m][[32mINFO[0m] - ----------------------------------------------------------------------[0m
[[36m2024-11-25 22:18:40,346[0m][[34mdenoiser.solver[0m][[32mINFO[0m] - Cross validation...[0m
[[36m2024-11-25 22:18:47,733[0m][[34mdenoiser.solver[0m][[32mINFO[0m] - Valid | Epoch 2 | 75/378 | 10.4 it/sec | Loss 0.71195[0m
[[36m2024-11-25 22:18:52,827[0m][[34mdenoiser.solver[0m][[32mINFO[0m] - Valid | Epoch 2 | 150/378 | 12.2 it/sec | Loss 0.71074[0m
[[36m2024-11-25 22:18:59,026[0m][[34mdenoiser.solver[0m][[32mINFO[0m] - Valid | Epoch 2 | 225/378 | 12.1 it/sec | Loss 0.71080[0m
[[36m2024-11-25 22:19:05,007[0m][[34mdenoiser.solver[0m][[32mINFO[0m] - Valid | Epoch 2 | 300/378 | 12.2 it/sec | Loss 0.71061[0m
[[36m2024-11-25 22:19:14,136[0m][[34mdenoiser.solver[0m][[32mINFO[0m] - Valid | Epoch 2 | 375/378 | 11.1 it/sec | Loss 0.71403[0m
[[36m2024-11-25 22:19:39,382[0m][[34mdenoiser.solver[0m][[32mINFO[0m] - [1mValid Summary | End of Epoch 2 | Time 775.32s | Valid Loss 0.71401[0m
[[36m2024-11-25 22:19:39,383[0m][[34mdenoiser.solver[0m][[32mINFO[0m] - ----------------------------------------------------------------------[0m
[[36m2024-11-25 22:19:39,383[0m][[34mdenoiser.solver[0m][[32mINFO[0m] - [1mOverall Summary | Epoch 2 | Train 1.89926 | Valid 0.71401 | Best 0.32113[0m
[[36m2024-11-25 22:19:39,444[0m][[34mdenoiser.solver[0m][[32mINFO[0m] - ----------------------------------------------------------------------[0m
[[36m2024-11-25 22:19:39,444[0m][[34mdenoiser.solver[0m][[32mINFO[0m] - Training...[0m
[[36m2024-11-25 22:21:57,822[0m][[34mdenoiser.solver[0m][[32mINFO[0m] - Train | Epoch 3 | 5/26 | 23.1 sec/it | Loss 1.55158[0m
[[36m2024-11-25 22:24:14,927[0m][[34mdenoiser.solver[0m][[32mINFO[0m] - Train | Epoch 3 | 10/26 | 25.0 sec/it | Loss 1.50741[0m
[[36m2024-11-25 22:26:31,465[0m][[34mdenoiser.solver[0m][[32mINFO[0m] - Train | Epoch 3 | 15/26 | 25.7 sec/it | Loss 1.46462[0m
[[36m2024-11-25 22:28:48,347[0m][[34mdenoiser.solver[0m][[32mINFO[0m] - Train | Epoch 3 | 20/26 | 26.1 sec/it | Loss 1.42494[0m
[[36m2024-11-25 22:31:04,678[0m][[34mdenoiser.solver[0m][[32mINFO[0m] - Train | Epoch 3 | 25/26 | 26.4 sec/it | Loss 1.38803[0m
[[36m2024-11-25 22:31:35,422[0m][[34mdenoiser.solver[0m][[32mINFO[0m] - [1mTrain Summary | End of Epoch 3 | Time 715.98s | Train Loss 1.38086[0m
[[36m2024-11-25 22:31:35,423[0m][[34mdenoiser.solver[0m][[32mINFO[0m] - ----------------------------------------------------------------------[0m
[[36m2024-11-25 22:31:35,423[0m][[34mdenoiser.solver[0m][[32mINFO[0m] - Cross validation...[0m
[[36m2024-11-25 22:31:42,841[0m][[34mdenoiser.solver[0m][[32mINFO[0m] - Valid | Epoch 3 | 75/378 | 10.3 it/sec | Loss 0.45638[0m
[[36m2024-11-25 22:31:47,779[0m][[34mdenoiser.solver[0m][[32mINFO[0m] - Valid | Epoch 3 | 150/378 | 12.3 it/sec | Loss 0.45554[0m
[[36m2024-11-25 22:31:53,778[0m][[34mdenoiser.solver[0m][[32mINFO[0m] - Valid | Epoch 3 | 225/378 | 12.3 it/sec | Loss 0.45551[0m
[[36m2024-11-25 22:31:59,614[0m][[34mdenoiser.solver[0m][[32mINFO[0m] - Valid | Epoch 3 | 300/378 | 12.5 it/sec | Loss 0.45535[0m
[[36m2024-11-25 22:32:08,600[0m][[34mdenoiser.solver[0m][[32mINFO[0m] - Valid | Epoch 3 | 375/378 | 11.3 it/sec | Loss 0.45699[0m
[[36m2024-11-25 22:32:33,849[0m][[34mdenoiser.solver[0m][[32mINFO[0m] - [1mValid Summary | End of Epoch 3 | Time 774.41s | Valid Loss 0.45698[0m
[[36m2024-11-25 22:32:33,851[0m][[34mdenoiser.solver[0m][[32mINFO[0m] - ----------------------------------------------------------------------[0m
[[36m2024-11-25 22:32:33,851[0m][[34mdenoiser.solver[0m][[32mINFO[0m] - [1mOverall Summary | Epoch 3 | Train 1.38086 | Valid 0.45698 | Best 0.32113[0m
[[36m2024-11-25 22:32:33,909[0m][[34mdenoiser.solver[0m][[32mINFO[0m] - ----------------------------------------------------------------------[0m
[[36m2024-11-25 22:32:33,909[0m][[34mdenoiser.solver[0m][[32mINFO[0m] - Training...[0m
[[36m2024-11-25 22:34:53,782[0m][[34mdenoiser.solver[0m][[32mINFO[0m] - Train | Epoch 4 | 5/26 | 23.3 sec/it | Loss 1.16780[0m
[[36m2024-11-25 22:37:10,784[0m][[34mdenoiser.solver[0m][[32mINFO[0m] - Train | Epoch 4 | 10/26 | 25.2 sec/it | Loss 1.13739[0m
[[36m2024-11-25 22:39:27,255[0m][[34mdenoiser.solver[0m][[32mINFO[0m] - Train | Epoch 4 | 15/26 | 25.8 sec/it | Loss 1.10981[0m
[[36m2024-11-25 22:41:44,119[0m][[34mdenoiser.solver[0m][[32mINFO[0m] - Train | Epoch 4 | 20/26 | 26.2 sec/it | Loss 1.08499[0m
[[36m2024-11-25 22:44:00,479[0m][[34mdenoiser.solver[0m][[32mINFO[0m] - Train | Epoch 4 | 25/26 | 26.4 sec/it | Loss 1.06123[0m
[[36m2024-11-25 22:44:31,385[0m][[34mdenoiser.solver[0m][[32mINFO[0m] - [1mTrain Summary | End of Epoch 4 | Time 717.48s | Train Loss 1.05668[0m
[[36m2024-11-25 22:44:31,386[0m][[34mdenoiser.solver[0m][[32mINFO[0m] - ----------------------------------------------------------------------[0m
[[36m2024-11-25 22:44:31,387[0m][[34mdenoiser.solver[0m][[32mINFO[0m] - Cross validation...[0m
[[36m2024-11-25 22:44:38,481[0m][[34mdenoiser.solver[0m][[32mINFO[0m] - Valid | Epoch 4 | 75/378 | 10.9 it/sec | Loss 0.26849[0m
[[36m2024-11-25 22:44:43,282[0m][[34mdenoiser.solver[0m][[32mINFO[0m] - Valid | Epoch 4 | 150/378 | 12.8 it/sec | Loss 0.26833[0m
[[36m2024-11-25 22:44:49,432[0m][[34mdenoiser.solver[0m][[32mINFO[0m] - Valid | Epoch 4 | 225/378 | 12.6 it/sec | Loss 0.26841[0m
[[36m2024-11-25 22:44:55,212[0m][[34mdenoiser.solver[0m][[32mINFO[0m] - Valid | Epoch 4 | 300/378 | 12.7 it/sec | Loss 0.26836[0m
[[36m2024-11-25 22:45:04,133[0m][[34mdenoiser.solver[0m][[32mINFO[0m] - Valid | Epoch 4 | 375/378 | 11.5 it/sec | Loss 0.26917[0m
[[36m2024-11-25 22:45:29,373[0m][[34mdenoiser.solver[0m][[32mINFO[0m] - [1mValid Summary | End of Epoch 4 | Time 775.46s | Valid Loss 0.26917[0m
[[36m2024-11-25 22:45:29,374[0m][[34mdenoiser.solver[0m][[32mINFO[0m] - [1mNew best valid loss 0.2692[0m
[[36m2024-11-25 22:45:29,378[0m][[34mdenoiser.solver[0m][[32mINFO[0m] - ----------------------------------------------------------------------[0m
[[36m2024-11-25 22:45:29,378[0m][[34mdenoiser.solver[0m][[32mINFO[0m] - [1mOverall Summary | Epoch 4 | Train 1.05668 | Valid 0.26917 | Best 0.26917[0m
[[36m2024-11-25 22:45:29,428[0m][[34mdenoiser.solver[0m][[32mINFO[0m] - ----------------------------------------------------------------------[0m
[[36m2024-11-25 22:45:29,428[0m][[34mdenoiser.solver[0m][[32mINFO[0m] - Training...[0m
[[36m2024-11-25 22:47:47,721[0m][[34mdenoiser.solver[0m][[32mINFO[0m] - Train | Epoch 5 | 5/26 | 23.0 sec/it | Loss 0.91866[0m
[[36m2024-11-25 22:50:04,196[0m][[34mdenoiser.solver[0m][[32mINFO[0m] - Train | Epoch 5 | 10/26 | 25.0 sec/it | Loss 0.89925[0m
[[36m2024-11-25 22:52:20,847[0m][[34mdenoiser.solver[0m][[32mINFO[0m] - Train | Epoch 5 | 15/26 | 25.7 sec/it | Loss 0.88130[0m
[[36m2024-11-25 22:54:36,977[0m][[34mdenoiser.solver[0m][[32mINFO[0m] - Train | Epoch 5 | 20/26 | 26.1 sec/it | Loss 0.86399[0m
[[36m2024-11-25 22:56:53,716[0m][[34mdenoiser.solver[0m][[32mINFO[0m] - Train | Epoch 5 | 25/26 | 26.3 sec/it | Loss 0.84751[0m
[[36m2024-11-25 22:57:24,697[0m][[34mdenoiser.solver[0m][[32mINFO[0m] - [1mTrain Summary | End of Epoch 5 | Time 715.27s | Train Loss 0.84427[0m
[[36m2024-11-25 22:57:24,698[0m][[34mdenoiser.solver[0m][[32mINFO[0m] - ----------------------------------------------------------------------[0m
[[36m2024-11-25 22:57:24,698[0m][[34mdenoiser.solver[0m][[32mINFO[0m] - Cross validation...[0m
[[36m2024-11-25 22:57:31,835[0m][[34mdenoiser.solver[0m][[32mINFO[0m] - Valid | Epoch 5 | 75/378 | 10.7 it/sec | Loss 0.16453[0m
[[36m2024-11-25 22:57:36,726[0m][[34mdenoiser.solver[0m][[32mINFO[0m] - Valid | Epoch 5 | 150/378 | 12.6 it/sec | Loss 0.16500[0m
[[36m2024-11-25 22:57:42,779[0m][[34mdenoiser.solver[0m][[32mINFO[0m] - Valid | Epoch 5 | 225/378 | 12.5 it/sec | Loss 0.16528[0m
[[36m2024-11-25 22:57:48,648[0m][[34mdenoiser.solver[0m][[32mINFO[0m] - Valid | Epoch 5 | 300/378 | 12.6 it/sec | Loss 0.16522[0m
[[36m2024-11-25 22:57:57,784[0m][[34mdenoiser.solver[0m][[32mINFO[0m] - Valid | Epoch 5 | 375/378 | 11.4 it/sec | Loss 0.16498[0m
[[36m2024-11-25 22:58:23,030[0m][[34mdenoiser.solver[0m][[32mINFO[0m] - [1mValid Summary | End of Epoch 5 | Time 773.60s | Valid Loss 0.16498[0m
[[36m2024-11-25 22:58:23,031[0m][[34mdenoiser.solver[0m][[32mINFO[0m] - [1mNew best valid loss 0.1650[0m
[[36m2024-11-25 22:58:23,035[0m][[34mdenoiser.solver[0m][[32mINFO[0m] - ----------------------------------------------------------------------[0m
[[36m2024-11-25 22:58:23,035[0m][[34mdenoiser.solver[0m][[32mINFO[0m] - [1mOverall Summary | Epoch 5 | Train 0.84427 | Valid 0.16498 | Best 0.16498[0m
[[36m2024-11-25 22:58:23,089[0m][[34mdenoiser.solver[0m][[32mINFO[0m] - ----------------------------------------------------------------------[0m
[[36m2024-11-25 22:58:23,089[0m][[34mdenoiser.solver[0m][[32mINFO[0m] - Training...[0m
[[36m2024-11-25 23:00:41,804[0m][[34mdenoiser.solver[0m][[32mINFO[0m] - Train | Epoch 6 | 5/26 | 23.1 sec/it | Loss 0.74930[0m
[[36m2024-11-25 23:02:58,779[0m][[34mdenoiser.solver[0m][[32mINFO[0m] - Train | Epoch 6 | 10/26 | 25.1 sec/it | Loss 0.73602[0m
[[36m2024-11-25 23:05:15,155[0m][[34mdenoiser.solver[0m][[32mINFO[0m] - Train | Epoch 6 | 15/26 | 25.8 sec/it | Loss 0.72353[0m
[[36m2024-11-25 23:07:32,098[0m][[34mdenoiser.solver[0m][[32mINFO[0m] - Train | Epoch 6 | 20/26 | 26.1 sec/it | Loss 0.71114[0m
[[36m2024-11-25 23:09:48,659[0m][[34mdenoiser.solver[0m][[32mINFO[0m] - Train | Epoch 6 | 25/26 | 26.4 sec/it | Loss 0.69992[0m
[[36m2024-11-25 23:10:19,749[0m][[34mdenoiser.solver[0m][[32mINFO[0m] - [1mTrain Summary | End of Epoch 6 | Time 716.66s | Train Loss 0.69764[0m
[[36m2024-11-25 23:10:19,750[0m][[34mdenoiser.solver[0m][[32mINFO[0m] - ----------------------------------------------------------------------[0m
[[36m2024-11-25 23:10:19,750[0m][[34mdenoiser.solver[0m][[32mINFO[0m] - Cross validation...[0m
[[36m2024-11-25 23:10:26,933[0m][[34mdenoiser.solver[0m][[32mINFO[0m] - Valid | Epoch 6 | 75/378 | 10.6 it/sec | Loss 0.09522[0m
[[36m2024-11-25 23:10:31,841[0m][[34mdenoiser.solver[0m][[32mINFO[0m] - Valid | Epoch 6 | 150/378 | 12.5 it/sec | Loss 0.09652[0m
[[36m2024-11-25 23:10:37,902[0m][[34mdenoiser.solver[0m][[32mINFO[0m] - Valid | Epoch 6 | 225/378 | 12.5 it/sec | Loss 0.09726[0m
[[36m2024-11-25 23:10:43,812[0m][[34mdenoiser.solver[0m][[32mINFO[0m] - Valid | Epoch 6 | 300/378 | 12.5 it/sec | Loss 0.09717[0m
[[36m2024-11-25 23:10:52,964[0m][[34mdenoiser.solver[0m][[32mINFO[0m] - Valid | Epoch 6 | 375/378 | 11.3 it/sec | Loss 0.09690[0m
[[36m2024-11-25 23:11:18,210[0m][[34mdenoiser.solver[0m][[32mINFO[0m] - [1mValid Summary | End of Epoch 6 | Time 775.12s | Valid Loss 0.09691[0m
[[36m2024-11-25 23:11:18,211[0m][[34mdenoiser.solver[0m][[32mINFO[0m] - [1mNew best valid loss 0.0969[0m
[[36m2024-11-25 23:11:18,214[0m][[34mdenoiser.solver[0m][[32mINFO[0m] - ----------------------------------------------------------------------[0m
[[36m2024-11-25 23:11:18,214[0m][[34mdenoiser.solver[0m][[32mINFO[0m] - Evaluating on the test set...[0m
[[36m2024-11-25 23:11:19,826[0m][[34mdenoiser.evaluate[0m][[32mINFO[0m] - Eval estimates | 75/378 | 48.8 it/sec[0m
[[36m2024-11-25 23:11:19,847[0m][[34mdenoiser.evaluate[0m][[32mINFO[0m] - Eval estimates | 150/378 | 95.6 it/sec[0m
[[36m2024-11-25 23:11:19,866[0m][[34mdenoiser.evaluate[0m][[32mINFO[0m] - Eval estimates | 225/378 | 141.4 it/sec[0m
[[36m2024-11-25 23:11:19,882[0m][[34mdenoiser.evaluate[0m][[32mINFO[0m] - Eval estimates | 300/378 | 186.4 it/sec[0m
[[36m2024-11-25 23:11:19,935[0m][[34mdenoiser.evaluate[0m][[32mINFO[0m] - Eval estimates | 375/378 | 225.4 it/sec[0m
[[36m2024-11-25 23:11:45,008[0m][[34mdenoiser.evaluate[0m][[32mINFO[0m] - Eval metrics | 75/378 | 358568.2 it/sec[0m
[[36m2024-11-25 23:11:49,243[0m][[34mdenoiser.evaluate[0m][[32mINFO[0m] - Eval metrics | 150/378 | 35.7 it/sec[0m
[[36m2024-11-25 23:12:04,134[0m][[34mdenoiser.evaluate[0m][[32mINFO[0m] - Eval metrics | 225/378 | 11.8 it/sec[0m
[[36m2024-11-25 23:12:20,010[0m][[34mdenoiser.evaluate[0m][[32mINFO[0m] - Eval metrics | 300/378 | 8.6 it/sec[0m
[[36m2024-11-25 23:12:38,292[0m][[34mdenoiser.evaluate[0m][[32mINFO[0m] - Eval metrics | 375/378 | 7.1 it/sec[0m
[[36m2024-11-25 23:12:38,975[0m][[34mdenoiser.evaluate[0m][[32mINFO[0m] - [1mTest set performance:PESQ=1.100242260902647, STOI=0.579345654892862.[0m
[[36m2024-11-25 23:12:38,977[0m][[34mdenoiser.solver[0m][[32mINFO[0m] - Enhance and save samples...[0m
[[36m2024-11-25 23:12:39,515[0m][[34mdenoiser.enhance[0m][[32mINFO[0m] - Generate enhanced files | 378/1890 | 720.1 it/sec[0m
[[36m2024-11-25 23:12:39,886[0m][[34mdenoiser.enhance[0m][[32mINFO[0m] - Generate enhanced files | 756/1890 | 843.9 it/sec[0m
[[36m2024-11-25 23:12:40,343[0m][[34mdenoiser.enhance[0m][[32mINFO[0m] - Generate enhanced files | 1134/1890 | 837.9 it/sec[0m
[[36m2024-11-25 23:12:40,968[0m][[34mdenoiser.enhance[0m][[32mINFO[0m] - Generate enhanced files | 1512/1890 | 764.5 it/sec[0m
[[36m2024-11-25 23:12:41,824[0m][[34mdenoiser.enhance[0m][[32mINFO[0m] - Generate enhanced files | 1890/1890 | 667.0 it/sec[0m
[[36m2024-11-25 23:12:59,842[0m][[34mdenoiser.enhance[0m][[32mINFO[0m] - Generate enhanced files | 378/1890 | 21.0 it/sec[0m
[[36m2024-11-25 23:13:15,789[0m][[34mdenoiser.enhance[0m][[32mINFO[0m] - Generate enhanced files | 756/1890 | 22.3 it/sec[0m
[[36m2024-11-25 23:13:36,403[0m][[34mdenoiser.enhance[0m][[32mINFO[0m] - Generate enhanced files | 1134/1890 | 20.8 it/sec[0m
[[36m2024-11-25 23:13:56,591[0m][[34mdenoiser.enhance[0m][[32mINFO[0m] - Generate enhanced files | 1512/1890 | 20.2 it/sec[0m
[[36m2024-11-25 23:14:30,079[0m][[34mdenoiser.enhance[0m][[32mINFO[0m] - Generate enhanced files | 1890/1890 | 17.5 it/sec[0m
[[36m2024-11-25 23:14:30,404[0m][[34mdenoiser.solver[0m][[32mINFO[0m] - ----------------------------------------------------------------------[0m
[[36m2024-11-25 23:14:30,404[0m][[34mdenoiser.solver[0m][[32mINFO[0m] - [1mOverall Summary | Epoch 6 | Train 0.69764 | Valid 0.09691 | Best 0.09691 | Pesq 1.10024 | Stoi 0.57935[0m
