[2023-12-07 15:46:01,137][__main__][INFO] - For logs, checkpoints and samples check /Volumes/Castile/HackerProj/denoiser
[2023-12-07 15:46:06,010][denoiser.solver][INFO] - ----------------------------------------------------------------------
[2023-12-07 15:46:06,010][denoiser.solver][INFO] - Training...
[2023-12-07 15:46:09,854][__main__][ERROR] - Some error happened
Traceback (most recent call last):
  File "/Volumes/Castile/HackerProj/denoiser/train.py", line 123, in main
    _main(args)
  File "/Volumes/Castile/HackerProj/denoiser/train.py", line 116, in _main
    run(args)
  File "/Volumes/Castile/HackerProj/denoiser/train.py", line 97, in run
    solver.train()
  File "/Volumes/Castile/HackerProj/denoiser/denoiser/solver.py", line 140, in train
    train_loss = self._run_one_epoch(epoch)  #################
                 ^^^^^^^^^^^^^^^^^^^^^^^^^^
  File "/Volumes/Castile/HackerProj/denoiser/denoiser/solver.py", line 212, in _run_one_epoch
    clean = F.interpolate(clean, size=desired_size, mode='nearest')
            ^^^^^^^^^^^^^^^^^^^^^^^^^^^^^^^^^^^^^^^^^^^^^^^^^^^^^^^
  File "/Volumes/Toys/Factory/anaconda3/envs/dnoise/lib/python3.11/site-packages/torch/nn/functional.py", line 3916, in interpolate
    raise ValueError(
ValueError: Input and output must have the same number of spatial dimensions, but got input with spatial dimensions of [64000] and output size of (20, 1, 64000). Please provide input tensor in (N, C, d1, d2, ...,dK) format and output size in (o1, o2, ...,oK) format.
